Determining if the function sgemm_ exists failed with the following output:
Change Dir: /home/thivin/PARMOON_CODES/ParMooN_Test/ParMooN_temp/ProblemSets/CMakeFiles/CMakeTmp

Run Build Command(s):/usr/bin/make cmTC_08b34/fast && /usr/bin/make -f CMakeFiles/cmTC_08b34.dir/build.make CMakeFiles/cmTC_08b34.dir/build
make[1]: Entering directory '/home/thivin/PARMOON_CODES/ParMooN_Test/ParMooN_temp/ProblemSets/CMakeFiles/CMakeTmp'
Building C object CMakeFiles/cmTC_08b34.dir/CheckFunctionExists.c.o
/usr/bin/cc   -DCHECK_FUNCTION_EXISTS=sgemm_   -o CMakeFiles/cmTC_08b34.dir/CheckFunctionExists.c.o   -c /usr/share/cmake-3.16/Modules/CheckFunctionExists.c
Linking C executable cmTC_08b34
/usr/bin/cmake -E cmake_link_script CMakeFiles/cmTC_08b34.dir/link.txt --verbose=1
/usr/bin/cc  -DCHECK_FUNCTION_EXISTS=sgemm_    -rdynamic CMakeFiles/cmTC_08b34.dir/CheckFunctionExists.c.o  -o cmTC_08b34 
/usr/bin/ld: CMakeFiles/cmTC_08b34.dir/CheckFunctionExists.c.o: in function `main':
CheckFunctionExists.c:(.text+0x14): undefined reference to `sgemm_'
collect2: error: ld returned 1 exit status
make[1]: *** [CMakeFiles/cmTC_08b34.dir/build.make:87: cmTC_08b34] Error 1
make[1]: Leaving directory '/home/thivin/PARMOON_CODES/ParMooN_Test/ParMooN_temp/ProblemSets/CMakeFiles/CMakeTmp'
make: *** [Makefile:121: cmTC_08b34/fast] Error 2



Performing C SOURCE FILE Test CMAKE_HAVE_LIBC_PTHREAD failed with the following output:
Change Dir: /home/thivin/PARMOON_CODES/ParMooN_Test/ParMooN_temp/ProblemSets/CMakeFiles/CMakeTmp

Run Build Command(s):/usr/bin/make cmTC_1bc14/fast && /usr/bin/make -f CMakeFiles/cmTC_1bc14.dir/build.make CMakeFiles/cmTC_1bc14.dir/build
make[1]: Entering directory '/home/thivin/PARMOON_CODES/ParMooN_Test/ParMooN_temp/ProblemSets/CMakeFiles/CMakeTmp'
Building C object CMakeFiles/cmTC_1bc14.dir/src.c.o
/usr/bin/cc   -DCMAKE_HAVE_LIBC_PTHREAD   -o CMakeFiles/cmTC_1bc14.dir/src.c.o   -c /home/thivin/PARMOON_CODES/ParMooN_Test/ParMooN_temp/ProblemSets/CMakeFiles/CMakeTmp/src.c
Linking C executable cmTC_1bc14
/usr/bin/cmake -E cmake_link_script CMakeFiles/cmTC_1bc14.dir/link.txt --verbose=1
/usr/bin/cc  -DCMAKE_HAVE_LIBC_PTHREAD    -rdynamic CMakeFiles/cmTC_1bc14.dir/src.c.o  -o cmTC_1bc14 
/usr/bin/ld: CMakeFiles/cmTC_1bc14.dir/src.c.o: in function `main':
src.c:(.text+0x46): undefined reference to `pthread_create'
/usr/bin/ld: src.c:(.text+0x52): undefined reference to `pthread_detach'
/usr/bin/ld: src.c:(.text+0x63): undefined reference to `pthread_join'
collect2: error: ld returned 1 exit status
make[1]: *** [CMakeFiles/cmTC_1bc14.dir/build.make:87: cmTC_1bc14] Error 1
make[1]: Leaving directory '/home/thivin/PARMOON_CODES/ParMooN_Test/ParMooN_temp/ProblemSets/CMakeFiles/CMakeTmp'
make: *** [Makefile:121: cmTC_1bc14/fast] Error 2


Source file was:
#include <pthread.h>

void* test_func(void* data)
{
  return data;
}

int main(void)
{
  pthread_t thread;
  pthread_create(&thread, NULL, test_func, NULL);
  pthread_detach(thread);
  pthread_join(thread, NULL);
  pthread_atfork(NULL, NULL, NULL);
  pthread_exit(NULL);

  return 0;
}

Determining if the function pthread_create exists in the pthreads failed with the following output:
Change Dir: /home/thivin/PARMOON_CODES/ParMooN_Test/ParMooN_temp/ProblemSets/CMakeFiles/CMakeTmp

Run Build Command(s):/usr/bin/make cmTC_9f2dc/fast && /usr/bin/make -f CMakeFiles/cmTC_9f2dc.dir/build.make CMakeFiles/cmTC_9f2dc.dir/build
make[1]: Entering directory '/home/thivin/PARMOON_CODES/ParMooN_Test/ParMooN_temp/ProblemSets/CMakeFiles/CMakeTmp'
Building C object CMakeFiles/cmTC_9f2dc.dir/CheckFunctionExists.c.o
/usr/bin/cc   -DCHECK_FUNCTION_EXISTS=pthread_create   -o CMakeFiles/cmTC_9f2dc.dir/CheckFunctionExists.c.o   -c /usr/share/cmake-3.16/Modules/CheckFunctionExists.c
Linking C executable cmTC_9f2dc
/usr/bin/cmake -E cmake_link_script CMakeFiles/cmTC_9f2dc.dir/link.txt --verbose=1
/usr/bin/cc  -DCHECK_FUNCTION_EXISTS=pthread_create    -rdynamic CMakeFiles/cmTC_9f2dc.dir/CheckFunctionExists.c.o  -o cmTC_9f2dc  -lpthreads 
/usr/bin/ld: cannot find -lpthreads
collect2: error: ld returned 1 exit status
make[1]: *** [CMakeFiles/cmTC_9f2dc.dir/build.make:87: cmTC_9f2dc] Error 1
make[1]: Leaving directory '/home/thivin/PARMOON_CODES/ParMooN_Test/ParMooN_temp/ProblemSets/CMakeFiles/CMakeTmp'
make: *** [Makefile:121: cmTC_9f2dc/fast] Error 2



